<?xml version="1.0" encoding="UTF-8"?>
<!-- Generated by org.testng.reporters.JUnitXMLReporter -->
<testsuite ignored="2" hostname="HGT-LAP-310" failures="0" tests="17" name="HubTests" time="187.317" errors="0" timestamp="2024-05-07T16:35:12 IST">
  <testcase classname="TestCase.FormTemplate_Testcases" name="@BeforeMethod Common" time="73.317">
    <failure type="org.openqa.selenium.TimeoutException" message="Expected condition failed: waiting for element to be clickable: By.xpath: //input[@placeholder=&amp;apos;Ex: johnwesley@abc.com&amp;apos;] (tried for 60 second(s) with 500 milliseconds interval)
Build info: version: &amp;apos;4.20.0&amp;apos;, revision: &amp;apos;866c76ca80&amp;apos;
System info: os.name: &amp;apos;Windows 11&amp;apos;, os.arch: &amp;apos;amd64&amp;apos;, os.version: &amp;apos;10.0&amp;apos;, java.version: &amp;apos;21.0.1&amp;apos;
Driver info: org.openqa.selenium.chrome.ChromeDriver
Capabilities {acceptInsecureCerts: false, browserName: chrome, browserVersion: 124.0.6367.119, chrome: {chromedriverVersion: 124.0.6367.91 (51df0e5e17a8..., userDataDir: C:\Users\PRUDHV~1.BUD\AppDa...}, fedcm:accounts: true, goog:chromeOptions: {debuggerAddress: localhost:57630}, networkConnectionEnabled: false, pageLoadStrategy: normal, platformName: windows, proxy: Proxy(), se:cdp: ws://localhost:57630/devtoo..., se:cdpVersion: 124.0.6367.119, setWindowRect: true, strictFileInteractability: false, timeouts: {implicit: 0, pageLoad: 300000, script: 30000}, unhandledPromptBehavior: dismiss and notify, webauthn:extension:credBlob: true, webauthn:extension:largeBlob: true, webauthn:extension:minPinLength: true, webauthn:extension:prf: true, webauthn:virtualAuthenticators: true}
Session ID: 116f865523d378007e1967b075fc07b3">
      <![CDATA[org.openqa.selenium.TimeoutException: Expected condition failed: waiting for element to be clickable: By.xpath: //input[@placeholder='Ex: johnwesley@abc.com'] (tried for 60 second(s) with 500 milliseconds interval)
Build info: version: '4.20.0', revision: '866c76ca80'
System info: os.name: 'Windows 11', os.arch: 'amd64', os.version: '10.0', java.version: '21.0.1'
Driver info: org.openqa.selenium.chrome.ChromeDriver
Capabilities {acceptInsecureCerts: false, browserName: chrome, browserVersion: 124.0.6367.119, chrome: {chromedriverVersion: 124.0.6367.91 (51df0e5e17a8..., userDataDir: C:\Users\PRUDHV~1.BUD\AppDa...}, fedcm:accounts: true, goog:chromeOptions: {debuggerAddress: localhost:57630}, networkConnectionEnabled: false, pageLoadStrategy: normal, platformName: windows, proxy: Proxy(), se:cdp: ws://localhost:57630/devtoo..., se:cdpVersion: 124.0.6367.119, setWindowRect: true, strictFileInteractability: false, timeouts: {implicit: 0, pageLoad: 300000, script: 30000}, unhandledPromptBehavior: dismiss and notify, webauthn:extension:credBlob: true, webauthn:extension:largeBlob: true, webauthn:extension:minPinLength: true, webauthn:extension:prf: true, webauthn:virtualAuthenticators: true}
Session ID: 116f865523d378007e1967b075fc07b3
at org.openqa.selenium.support.ui.WebDriverWait.timeoutException(WebDriverWait.java:84)
at org.openqa.selenium.support.ui.FluentWait.until(FluentWait.java:228)
at Pages.MethodActions.sendKeysToElement(MethodActions.java:82)
at Pages.Login.Signin(Login.java:27)
at TestCase.FormTemplate_Testcases.Common(FormTemplate_Testcases.java:82)
at java.base/java.util.ArrayList.forEach(ArrayList.java:1596)
... Removed 29 stack frames]]>
    </failure>
  </testcase> <!-- @BeforeMethod Common -->
  <testcase classname="TestCase.FormTemplate_Testcases" name="@BeforeMethod Common" time="-1.715079912223E9">
    <skipped/>
  </testcase> <!-- @BeforeMethod Common -->
  <testcase classname="TestCase.FormTemplate_Testcases" name="@BeforeMethod Common" time="-1.715079912227E9">
    <skipped/>
  </testcase> <!-- @BeforeMethod Common -->
  <testcase classname="TestCase.FormTemplate_Testcases" name="@BeforeMethod Common" time="-1.715079912231E9">
    <skipped/>
  </testcase> <!-- @BeforeMethod Common -->
  <testcase classname="TestCase.FormTemplate_Testcases" name="@BeforeMethod Common" time="-1.715079912234E9">
    <skipped/>
  </testcase> <!-- @BeforeMethod Common -->
  <testcase classname="TestCase.FormTemplate_Testcases" name="@BeforeMethod Common" time="-1.715079912238E9">
    <skipped/>
  </testcase> <!-- @BeforeMethod Common -->
  <testcase classname="TestCase.FormTemplate_Testcases" name="@BeforeMethod Common" time="-1.715079912242E9">
    <skipped/>
  </testcase> <!-- @BeforeMethod Common -->
  <testcase classname="TestCase.FormTemplate_Testcases" name="@BeforeMethod Common" time="-1.715079912246E9">
    <skipped/>
  </testcase> <!-- @BeforeMethod Common -->
  <testcase classname="TestCase.FormTemplate_Testcases" name="@BeforeMethod Common" time="-1.715079912249E9">
    <skipped/>
  </testcase> <!-- @BeforeMethod Common -->
  <testcase classname="TestCase.FormTemplate_Testcases" name="@BeforeMethod Common" time="-1.715079912255E9">
    <skipped/>
  </testcase> <!-- @BeforeMethod Common -->
  <testcase classname="TestCase.FormTemplate_Testcases" name="@BeforeMethod Common" time="-1.71507991226E9">
    <skipped/>
  </testcase> <!-- @BeforeMethod Common -->
  <testcase classname="TestCase.FormTemplate_Testcases" name="@BeforeMethod Common" time="-1.715079912264E9">
    <skipped/>
  </testcase> <!-- @BeforeMethod Common -->
  <testcase classname="TestCase.FormTemplate_Testcases" name="@BeforeMethod Common" time="-1.715079912269E9">
    <skipped/>
  </testcase> <!-- @BeforeMethod Common -->
  <testcase classname="TestCase.FormTemplate_Testcases" name="@BeforeMethod Common" time="-1.715079912273E9">
    <skipped/>
  </testcase> <!-- @BeforeMethod Common -->
  <testcase classname="TestCase.FormTemplate_Testcases" name="@BeforeMethod Common" time="-1.715079912276E9">
    <skipped/>
  </testcase> <!-- @BeforeMethod Common -->
  <testcase classname="TestCase.FormTemplate_Testcases" name="@BeforeMethod Common" time="-1.715079912279E9">
    <skipped/>
  </testcase> <!-- @BeforeMethod Common -->
  <testcase classname="TestCase.FormTemplate_Testcases" name="ContentHorizontalLine" time="23.577"/>
  <testcase classname="TestCase.FormTemplate_Testcases" name="ContentDivision" time="0.0">
    <skipped/>
  </testcase> <!-- ContentDivision -->
  <testcase classname="TestCase.FormTemplate_Testcases" name="AdvancedAutoIncrementNumber" time="0.0">
    <skipped/>
  </testcase> <!-- AdvancedAutoIncrementNumber -->
  <testcase classname="TestCase.FormTemplate_Testcases" name="AdvancedLocation" time="0.0">
    <skipped/>
  </testcase> <!-- AdvancedLocation -->
  <testcase classname="TestCase.FormTemplate_Testcases" name="AdvancedCurrency" time="0.0">
    <skipped/>
  </testcase> <!-- AdvancedCurrency -->
  <testcase classname="TestCase.FormTemplate_Testcases" name="AdvancedQuestion" time="0.0">
    <skipped/>
  </testcase> <!-- AdvancedQuestion -->
  <testcase classname="TestCase.FormTemplate_Testcases" name="AdvancedEntity" time="0.0">
    <skipped/>
  </testcase> <!-- AdvancedEntity -->
  <testcase classname="TestCase.FormTemplate_Testcases" name="AdvancedFormula" time="0.0">
    <skipped/>
  </testcase> <!-- AdvancedFormula -->
  <testcase classname="TestCase.FormTemplate_Testcases" name="AdvancedAggregateFunction" time="0.0">
    <skipped/>
  </testcase> <!-- AdvancedAggregateFunction -->
  <testcase classname="TestCase.FormTemplate_Testcases" name="AdvancedChildEntityTable" time="0.0">
    <skipped/>
  </testcase> <!-- AdvancedChildEntityTable -->
  <testcase classname="TestCase.FormTemplate_Testcases" name="AdvancedPayButtons" time="0.0">
    <skipped/>
  </testcase> <!-- AdvancedPayButtons -->
  <testcase classname="TestCase.FormTemplate_Testcases" name="AdvancedPaymentVariable" time="0.0">
    <skipped/>
  </testcase> <!-- AdvancedPaymentVariable -->
  <testcase classname="TestCase.FormTemplate_Testcases" name="AdvancedStarRating" time="0.0">
    <skipped/>
  </testcase> <!-- AdvancedStarRating -->
  <testcase classname="TestCase.FormTemplate_Testcases" name="AdvancedConcatenate" time="0.0">
    <skipped/>
  </testcase> <!-- AdvancedConcatenate -->
  <testcase classname="TestCase.FormTemplate_Testcases" name="AdvancedAudio" time="0.0">
    <skipped/>
  </testcase> <!-- AdvancedAudio -->
  <testcase classname="TestCase.FormTemplate_Testcases" name="AdvancedQRCode" time="0.0">
    <skipped/>
  </testcase> <!-- AdvancedQRCode -->
  <testcase classname="TestCase.FormTemplate_Testcases" name="AdvancedQRReader" time="0.0">
    <skipped/>
  </testcase> <!-- AdvancedQRReader -->
  <testcase classname="TestCase.FormTemplate_Testcases" name="AdvancedAuthorizedSignature" time="0.0">
    <ignored/>
  </testcase> <!-- AdvancedAuthorizedSignature -->
  <testcase classname="TestCase.FormTemplate_Testcases" name="AdvancedDataTable" time="0.0">
    <ignored/>
  </testcase> <!-- AdvancedDataTable -->
</testsuite> <!-- HubTests -->
