<?xml version="1.0" encoding="UTF-8"?>
<!-- Generated by org.testng.reporters.JUnitXMLReporter -->
<testsuite ignored="0" hostname="HGT-LAP-310" failures="1" tests="16" name="Node2Tests" time="418.459" errors="0" timestamp="2024-05-07T16:24:40 IST">
  <testcase classname="TestCase.FormTemplate_Testcases_Node2" name="@BeforeMethod Common" time="63.135">
    <failure type="org.openqa.selenium.TimeoutException" message="Expected condition failed: waiting for element to be clickable: By.xpath: //input[@placeholder=&amp;apos;Ex: johnwesley@abc.com&amp;apos;] (tried for 60 second(s) with 500 milliseconds interval)
Build info: version: &amp;apos;4.20.0&amp;apos;, revision: &amp;apos;866c76ca80&amp;apos;
System info: os.name: &amp;apos;Windows 11&amp;apos;, os.arch: &amp;apos;amd64&amp;apos;, os.version: &amp;apos;10.0&amp;apos;, java.version: &amp;apos;21.0.1&amp;apos;
Driver info: org.openqa.selenium.chrome.ChromeDriver
Capabilities {acceptInsecureCerts: false, browserName: chrome, browserVersion: 124.0.6367.119, chrome: {chromedriverVersion: 124.0.6367.91 (51df0e5e17a8..., userDataDir: C:\Users\PRUDHV~1.BUD\AppDa...}, fedcm:accounts: true, goog:chromeOptions: {debuggerAddress: localhost:57415}, networkConnectionEnabled: false, pageLoadStrategy: normal, platformName: windows, proxy: Proxy(), se:cdp: ws://localhost:57415/devtoo..., se:cdpVersion: 124.0.6367.119, setWindowRect: true, strictFileInteractability: false, timeouts: {implicit: 0, pageLoad: 300000, script: 30000}, unhandledPromptBehavior: dismiss and notify, webauthn:extension:credBlob: true, webauthn:extension:largeBlob: true, webauthn:extension:minPinLength: true, webauthn:extension:prf: true, webauthn:virtualAuthenticators: true}
Session ID: 57d80755f94bbd8b74270edbdddb6940">
      <![CDATA[org.openqa.selenium.TimeoutException: Expected condition failed: waiting for element to be clickable: By.xpath: //input[@placeholder='Ex: johnwesley@abc.com'] (tried for 60 second(s) with 500 milliseconds interval)
Build info: version: '4.20.0', revision: '866c76ca80'
System info: os.name: 'Windows 11', os.arch: 'amd64', os.version: '10.0', java.version: '21.0.1'
Driver info: org.openqa.selenium.chrome.ChromeDriver
Capabilities {acceptInsecureCerts: false, browserName: chrome, browserVersion: 124.0.6367.119, chrome: {chromedriverVersion: 124.0.6367.91 (51df0e5e17a8..., userDataDir: C:\Users\PRUDHV~1.BUD\AppDa...}, fedcm:accounts: true, goog:chromeOptions: {debuggerAddress: localhost:57415}, networkConnectionEnabled: false, pageLoadStrategy: normal, platformName: windows, proxy: Proxy(), se:cdp: ws://localhost:57415/devtoo..., se:cdpVersion: 124.0.6367.119, setWindowRect: true, strictFileInteractability: false, timeouts: {implicit: 0, pageLoad: 300000, script: 30000}, unhandledPromptBehavior: dismiss and notify, webauthn:extension:credBlob: true, webauthn:extension:largeBlob: true, webauthn:extension:minPinLength: true, webauthn:extension:prf: true, webauthn:virtualAuthenticators: true}
Session ID: 57d80755f94bbd8b74270edbdddb6940
at org.openqa.selenium.support.ui.WebDriverWait.timeoutException(WebDriverWait.java:84)
at org.openqa.selenium.support.ui.FluentWait.until(FluentWait.java:228)
at Pages.MethodActions.sendKeysToElement(MethodActions.java:82)
at Pages.Login.Signin(Login.java:29)
at TestCase.FormTemplate_Testcases_Node2.Common(FormTemplate_Testcases_Node2.java:74)
at java.base/java.util.ArrayList.forEach(ArrayList.java:1596)
... Removed 29 stack frames]]>
    </failure>
  </testcase> <!-- @BeforeMethod Common -->
  <testcase classname="TestCase.FormTemplate_Testcases_Node2" name="@BeforeMethod Common" time="-1.715079280145E9">
    <skipped/>
  </testcase> <!-- @BeforeMethod Common -->
  <testcase classname="TestCase.FormTemplate_Testcases_Node2" name="@BeforeMethod Common" time="-1.715079280148E9">
    <skipped/>
  </testcase> <!-- @BeforeMethod Common -->
  <testcase classname="TestCase.FormTemplate_Testcases_Node2" name="@BeforeMethod Common" time="-1.715079280151E9">
    <skipped/>
  </testcase> <!-- @BeforeMethod Common -->
  <testcase classname="TestCase.FormTemplate_Testcases_Node2" name="@BeforeMethod Common" time="-1.715079280155E9">
    <skipped/>
  </testcase> <!-- @BeforeMethod Common -->
  <testcase classname="TestCase.FormTemplate_Testcases_Node2" name="@BeforeMethod Common" time="-1.71507928016E9">
    <skipped/>
  </testcase> <!-- @BeforeMethod Common -->
  <testcase classname="TestCase.FormTemplate_Testcases_Node2" name="@BeforeMethod Common" time="-1.715079280162E9">
    <skipped/>
  </testcase> <!-- @BeforeMethod Common -->
  <testcase classname="TestCase.FormTemplate_Testcases_Node2" name="@BeforeMethod Common" time="-1.71507928017E9">
    <skipped/>
  </testcase> <!-- @BeforeMethod Common -->
  <testcase classname="TestCase.FormTemplate_Testcases_Node2" name="@BeforeMethod Common" time="-1.715079280173E9">
    <skipped/>
  </testcase> <!-- @BeforeMethod Common -->
  <testcase classname="TestCase.FormTemplate_Testcases_Node2" name="@BeforeMethod Common" time="-1.715079280179E9">
    <skipped/>
  </testcase> <!-- @BeforeMethod Common -->
  <testcase classname="TestCase.FormTemplate_Testcases_Node2" name="@BeforeMethod Common" time="-1.715079280183E9">
    <skipped/>
  </testcase> <!-- @BeforeMethod Common -->
  <testcase classname="TestCase.FormTemplate_Testcases_Node2" name="@BeforeMethod Common" time="-1.715079280187E9">
    <skipped/>
  </testcase> <!-- @BeforeMethod Common -->
  <testcase classname="TestCase.FormTemplate_Testcases_Node2" name="@BeforeMethod Common" time="-1.71507928019E9">
    <skipped/>
  </testcase> <!-- @BeforeMethod Common -->
  <testcase classname="TestCase.FormTemplate_Testcases_Node2" name="@BeforeMethod Common" time="-1.715079280194E9">
    <skipped/>
  </testcase> <!-- @BeforeMethod Common -->
  <testcase classname="TestCase.FormTemplate_Testcases_Node2" name="@BeforeMethod Common" time="-1.7150792802E9">
    <skipped/>
  </testcase> <!-- @BeforeMethod Common -->
  <testcase classname="TestCase.FormTemplate_Testcases_Node2" name="BasicFieldsYesORNo" time="275.349">
    <failure type="org.openqa.selenium.TimeoutException" message="Expected condition failed: waiting for visibility of element located by By.xpath: //div[@x-placement]//ul//li[2]  (tried for 60 second(s) with 30000 milliseconds interval)
Build info: version: &amp;apos;4.20.0&amp;apos;, revision: &amp;apos;866c76ca80&amp;apos;
System info: os.name: &amp;apos;Windows 11&amp;apos;, os.arch: &amp;apos;amd64&amp;apos;, os.version: &amp;apos;10.0&amp;apos;, java.version: &amp;apos;21.0.1&amp;apos;
Driver info: driver.version: unknown">
      <![CDATA[org.openqa.selenium.TimeoutException: Expected condition failed: waiting for visibility of element located by By.xpath: //div[@x-placement]//ul//li[2]  (tried for 60 second(s) with 30000 milliseconds interval)
Build info: version: '4.20.0', revision: '866c76ca80'
System info: os.name: 'Windows 11', os.arch: 'amd64', os.version: '10.0', java.version: '21.0.1'
Driver info: driver.version: unknown
at org.openqa.selenium.support.ui.FluentWait.timeoutException(FluentWait.java:265)
at org.openqa.selenium.support.ui.FluentWait.until(FluentWait.java:228)
at Pages.FormTemplate.FieldYesorNo(FormTemplate.java:1541)
at Pages.FormTemplate.YesorNo(FormTemplate.java:1445)
at TestCase.FormTemplate_Testcases_Node2.BasicFieldsYesORNo(FormTemplate_Testcases_Node2.java:82)
at java.base/java.util.ArrayList.forEach(ArrayList.java:1596)
... Removed 25 stack frames]]>
    </failure>
  </testcase> <!-- BasicFieldsYesORNo -->
  <testcase classname="TestCase.FormTemplate_Testcases_Node2" name="BasicFieldsCheckbox" time="0.0">
    <skipped/>
  </testcase> <!-- BasicFieldsCheckbox -->
  <testcase classname="TestCase.FormTemplate_Testcases_Node2" name="BasicFieldsCheckBoxGroup" time="0.0">
    <skipped/>
  </testcase> <!-- BasicFieldsCheckBoxGroup -->
  <testcase classname="TestCase.FormTemplate_Testcases_Node2" name="BasicFieldsDocument" time="0.0">
    <skipped/>
  </testcase> <!-- BasicFieldsDocument -->
  <testcase classname="TestCase.FormTemplate_Testcases_Node2" name="BasicFieldsRadio" time="0.0">
    <skipped/>
  </testcase> <!-- BasicFieldsRadio -->
  <testcase classname="TestCase.FormTemplate_Testcases_Node2" name="BasicFieldsRadioGroup" time="0.0">
    <skipped/>
  </testcase> <!-- BasicFieldsRadioGroup -->
  <testcase classname="TestCase.FormTemplate_Testcases_Node2" name="BasicFieldsPhone" time="0.0">
    <skipped/>
  </testcase> <!-- BasicFieldsPhone -->
  <testcase classname="TestCase.FormTemplate_Testcases_Node2" name="BasicFieldsSignature" time="0.0">
    <skipped/>
  </testcase> <!-- BasicFieldsSignature -->
  <testcase classname="TestCase.FormTemplate_Testcases_Node2" name="BasicFieldsCaptcha" time="0.0">
    <skipped/>
  </testcase> <!-- BasicFieldsCaptcha -->
  <testcase classname="TestCase.FormTemplate_Testcases_Node2" name="ContentHeading" time="0.0">
    <skipped/>
  </testcase> <!-- ContentHeading -->
  <testcase classname="TestCase.FormTemplate_Testcases_Node2" name="ContentHTML" time="0.0">
    <skipped/>
  </testcase> <!-- ContentHTML -->
  <testcase classname="TestCase.FormTemplate_Testcases_Node2" name="ContentParagraph" time="0.0">
    <skipped/>
  </testcase> <!-- ContentParagraph -->
  <testcase classname="TestCase.FormTemplate_Testcases_Node2" name="ContentSingleLineContent" time="0.0">
    <skipped/>
  </testcase> <!-- ContentSingleLineContent -->
  <testcase classname="TestCase.FormTemplate_Testcases_Node2" name="ContentImage" time="0.0">
    <skipped/>
  </testcase> <!-- ContentImage -->
  <testcase classname="TestCase.FormTemplate_Testcases_Node2" name="ContentVideo" time="0.0">
    <skipped/>
  </testcase> <!-- ContentVideo -->
  <testcase classname="TestCase.FormTemplate_Testcases_Node2" name="ContentActionButton" time="0.0">
    <skipped/>
  </testcase> <!-- ContentActionButton -->
</testsuite> <!-- Node2Tests -->
