<?xml version="1.0" encoding="UTF-8"?>
<!-- Generated by org.testng.reporters.JUnitXMLReporter -->
<testsuite ignored="2" hostname="HGT-LAP-310" failures="0" tests="12" name="Node1Tests" time="73.816" errors="0" timestamp="2024-05-07T16:36:26 IST">
  <testcase classname="TestCase.FormTemplate_Testcases_Node1" name="@BeforeClass Start" time="73.76">
    <failure type="org.openqa.selenium.TimeoutException" message="Expected condition failed: waiting for element to be clickable: By.xpath: //input[@placeholder=&amp;apos;Ex: johnwesley@abc.com&amp;apos;] (tried for 60 second(s) with 500 milliseconds interval)
Build info: version: &amp;apos;4.20.0&amp;apos;, revision: &amp;apos;866c76ca80&amp;apos;
System info: os.name: &amp;apos;Windows 11&amp;apos;, os.arch: &amp;apos;amd64&amp;apos;, os.version: &amp;apos;10.0&amp;apos;, java.version: &amp;apos;21.0.1&amp;apos;
Driver info: org.openqa.selenium.chrome.ChromeDriver
Capabilities {acceptInsecureCerts: false, browserName: chrome, browserVersion: 124.0.6367.119, chrome: {chromedriverVersion: 124.0.6367.91 (51df0e5e17a8..., userDataDir: C:\Users\PRUDHV~1.BUD\AppDa...}, fedcm:accounts: true, goog:chromeOptions: {debuggerAddress: localhost:57630}, networkConnectionEnabled: false, pageLoadStrategy: normal, platformName: windows, proxy: Proxy(), se:cdp: ws://localhost:57630/devtoo..., se:cdpVersion: 124.0.6367.119, setWindowRect: true, strictFileInteractability: false, timeouts: {implicit: 0, pageLoad: 300000, script: 30000}, unhandledPromptBehavior: dismiss and notify, webauthn:extension:credBlob: true, webauthn:extension:largeBlob: true, webauthn:extension:minPinLength: true, webauthn:extension:prf: true, webauthn:virtualAuthenticators: true}
Session ID: 116f865523d378007e1967b075fc07b3">
      <![CDATA[org.openqa.selenium.TimeoutException: Expected condition failed: waiting for element to be clickable: By.xpath: //input[@placeholder='Ex: johnwesley@abc.com'] (tried for 60 second(s) with 500 milliseconds interval)
Build info: version: '4.20.0', revision: '866c76ca80'
System info: os.name: 'Windows 11', os.arch: 'amd64', os.version: '10.0', java.version: '21.0.1'
Driver info: org.openqa.selenium.chrome.ChromeDriver
Capabilities {acceptInsecureCerts: false, browserName: chrome, browserVersion: 124.0.6367.119, chrome: {chromedriverVersion: 124.0.6367.91 (51df0e5e17a8..., userDataDir: C:\Users\PRUDHV~1.BUD\AppDa...}, fedcm:accounts: true, goog:chromeOptions: {debuggerAddress: localhost:57630}, networkConnectionEnabled: false, pageLoadStrategy: normal, platformName: windows, proxy: Proxy(), se:cdp: ws://localhost:57630/devtoo..., se:cdpVersion: 124.0.6367.119, setWindowRect: true, strictFileInteractability: false, timeouts: {implicit: 0, pageLoad: 300000, script: 30000}, unhandledPromptBehavior: dismiss and notify, webauthn:extension:credBlob: true, webauthn:extension:largeBlob: true, webauthn:extension:minPinLength: true, webauthn:extension:prf: true, webauthn:virtualAuthenticators: true}
Session ID: 116f865523d378007e1967b075fc07b3
at org.openqa.selenium.support.ui.WebDriverWait.timeoutException(WebDriverWait.java:84)
at org.openqa.selenium.support.ui.FluentWait.until(FluentWait.java:228)
at Pages.MethodActions.sendKeysToElement(MethodActions.java:82)
at Pages.Login.Signin(Login.java:27)
at TestCase.FormTemplate_Testcases_Node1.Start(FormTemplate_Testcases_Node1.java:57)
at java.base/java.util.ArrayList.forEach(ArrayList.java:1596)
... Removed 23 stack frames]]>
    </failure>
  </testcase> <!-- @BeforeClass Start -->
  <testcase classname="TestCase.FormTemplate_Testcases_Node1" name="@BeforeMethod Common" time="-1.715079986538E9">
    <skipped/>
  </testcase> <!-- @BeforeMethod Common -->
  <testcase classname="TestCase.FormTemplate_Testcases_Node1" name="@BeforeMethod Common" time="-1.715079986542E9">
    <skipped/>
  </testcase> <!-- @BeforeMethod Common -->
  <testcase classname="TestCase.FormTemplate_Testcases_Node1" name="@BeforeMethod Common" time="-1.715079986546E9">
    <skipped/>
  </testcase> <!-- @BeforeMethod Common -->
  <testcase classname="TestCase.FormTemplate_Testcases_Node1" name="@BeforeMethod Common" time="-1.71507998655E9">
    <skipped/>
  </testcase> <!-- @BeforeMethod Common -->
  <testcase classname="TestCase.FormTemplate_Testcases_Node1" name="@BeforeMethod Common" time="-1.715079986554E9">
    <skipped/>
  </testcase> <!-- @BeforeMethod Common -->
  <testcase classname="TestCase.FormTemplate_Testcases_Node1" name="@BeforeMethod Common" time="-1.715079986558E9">
    <skipped/>
  </testcase> <!-- @BeforeMethod Common -->
  <testcase classname="TestCase.FormTemplate_Testcases_Node1" name="@BeforeMethod Common" time="-1.715079986562E9">
    <skipped/>
  </testcase> <!-- @BeforeMethod Common -->
  <testcase classname="TestCase.FormTemplate_Testcases_Node1" name="@BeforeMethod Common" time="-1.715079986566E9">
    <skipped/>
  </testcase> <!-- @BeforeMethod Common -->
  <testcase classname="TestCase.FormTemplate_Testcases_Node1" name="@BeforeMethod Common" time="-1.71507998657E9">
    <skipped/>
  </testcase> <!-- @BeforeMethod Common -->
  <testcase classname="TestCase.FormTemplate_Testcases_Node1" name="@BeforeMethod Common" time="-1.715079986576E9">
    <skipped/>
  </testcase> <!-- @BeforeMethod Common -->
  <testcase classname="TestCase.FormTemplate_Testcases_Node1" name="@BeforeMethod Common" time="-1.715079986579E9">
    <skipped/>
  </testcase> <!-- @BeforeMethod Common -->
  <testcase classname="TestCase.FormTemplate_Testcases_Node1" name="@BeforeMethod Common" time="-1.715079986584E9">
    <skipped/>
  </testcase> <!-- @BeforeMethod Common -->
  <testcase classname="TestCase.FormTemplate_Testcases_Node1" name="BasicFieldsSingleline" time="0.0">
    <skipped/>
  </testcase> <!-- BasicFieldsSingleline -->
  <testcase classname="TestCase.FormTemplate_Testcases_Node1" name="BasicFieldsMultiline" time="0.0">
    <skipped/>
  </testcase> <!-- BasicFieldsMultiline -->
  <testcase classname="TestCase.FormTemplate_Testcases_Node1" name="BasicFieldsSelect" time="0.0">
    <skipped/>
  </testcase> <!-- BasicFieldsSelect -->
  <testcase classname="TestCase.FormTemplate_Testcases_Node1" name="BasicFieldsNumber" time="0.0">
    <skipped/>
  </testcase> <!-- BasicFieldsNumber -->
  <testcase classname="TestCase.FormTemplate_Testcases_Node1" name="BasicFieldsMultipleSelect" time="0.0">
    <skipped/>
  </testcase> <!-- BasicFieldsMultipleSelect -->
  <testcase classname="TestCase.FormTemplate_Testcases_Node1" name="BasicFieldsList" time="0.0">
    <skipped/>
  </testcase> <!-- BasicFieldsList -->
  <testcase classname="TestCase.FormTemplate_Testcases_Node1" name="BasicFieldsDate" time="0.0">
    <skipped/>
  </testcase> <!-- BasicFieldsDate -->
  <testcase classname="TestCase.FormTemplate_Testcases_Node1" name="BasicFieldsTime" time="0.0">
    <skipped/>
  </testcase> <!-- BasicFieldsTime -->
  <testcase classname="TestCase.FormTemplate_Testcases_Node1" name="BasicFieldsFixedTime" time="0.0">
    <skipped/>
  </testcase> <!-- BasicFieldsFixedTime -->
  <testcase classname="TestCase.FormTemplate_Testcases_Node1" name="BasicFieldsTimerange" time="0.0">
    <skipped/>
  </testcase> <!-- BasicFieldsTimerange -->
  <testcase classname="TestCase.FormTemplate_Testcases_Node1" name="BasicFieldsDateTime" time="0.0">
    <skipped/>
  </testcase> <!-- BasicFieldsDateTime -->
  <testcase classname="TestCase.FormTemplate_Testcases_Node1" name="BasicFieldsWeekDays" time="0.0">
    <skipped/>
  </testcase> <!-- BasicFieldsWeekDays -->
  <testcase classname="TestCase.FormTemplate_Testcases_Node1" name="BasicFieldsDateRange" time="0.0">
    <ignored/>
  </testcase> <!-- BasicFieldsDateRange -->
  <testcase classname="TestCase.FormTemplate_Testcases_Node1" name="BasicFieldsDateTimeRange" time="0.0">
    <ignored/>
  </testcase> <!-- BasicFieldsDateTimeRange -->
</testsuite> <!-- Node1Tests -->
