<?xml version="1.0" encoding="UTF-8"?>
<!-- Generated by org.testng.reporters.JUnitXMLReporter -->
<testsuite ignored="0" hostname="HGT-LAP-310" failures="0" tests="16" name="Node2Tests" time="114.985" errors="0" timestamp="2024-05-09T11:20:56 IST">
  <testcase classname="TestCase.FormTemplate_Testcases_Node2" name="@BeforeMethod start" time="114.721">
    <failure type="org.openqa.selenium.TimeoutException" message="Expected condition failed: waiting for element to be clickable: By.xpath: //div[@class=&amp;apos;icon-text&amp;apos;] (tried for 60 second(s) with 500 milliseconds interval)
Build info: version: &amp;apos;4.20.0&amp;apos;, revision: &amp;apos;866c76ca80&amp;apos;
System info: os.name: &amp;apos;Windows 11&amp;apos;, os.arch: &amp;apos;amd64&amp;apos;, os.version: &amp;apos;10.0&amp;apos;, java.version: &amp;apos;21.0.1&amp;apos;
Driver info: org.openqa.selenium.chrome.ChromeDriver
Capabilities {acceptInsecureCerts: false, browserName: chrome, browserVersion: 124.0.6367.119, chrome: {chromedriverVersion: 124.0.6367.155 (df4f029328b..., userDataDir: C:\Users\PRUDHV~1.BUD\AppDa...}, fedcm:accounts: true, goog:chromeOptions: {debuggerAddress: localhost:65287}, networkConnectionEnabled: false, pageLoadStrategy: normal, platformName: windows, proxy: Proxy(), se:cdp: ws://localhost:65287/devtoo..., se:cdpVersion: 124.0.6367.119, setWindowRect: true, strictFileInteractability: false, timeouts: {implicit: 0, pageLoad: 300000, script: 30000}, unhandledPromptBehavior: dismiss and notify, webauthn:extension:credBlob: true, webauthn:extension:largeBlob: true, webauthn:extension:minPinLength: true, webauthn:extension:prf: true, webauthn:virtualAuthenticators: true}
Session ID: 17168583d8f25bebb8e2f6539adc7bec">
      <![CDATA[org.openqa.selenium.TimeoutException: Expected condition failed: waiting for element to be clickable: By.xpath: //div[@class='icon-text'] (tried for 60 second(s) with 500 milliseconds interval)
Build info: version: '4.20.0', revision: '866c76ca80'
System info: os.name: 'Windows 11', os.arch: 'amd64', os.version: '10.0', java.version: '21.0.1'
Driver info: org.openqa.selenium.chrome.ChromeDriver
Capabilities {acceptInsecureCerts: false, browserName: chrome, browserVersion: 124.0.6367.119, chrome: {chromedriverVersion: 124.0.6367.155 (df4f029328b..., userDataDir: C:\Users\PRUDHV~1.BUD\AppDa...}, fedcm:accounts: true, goog:chromeOptions: {debuggerAddress: localhost:65287}, networkConnectionEnabled: false, pageLoadStrategy: normal, platformName: windows, proxy: Proxy(), se:cdp: ws://localhost:65287/devtoo..., se:cdpVersion: 124.0.6367.119, setWindowRect: true, strictFileInteractability: false, timeouts: {implicit: 0, pageLoad: 300000, script: 30000}, unhandledPromptBehavior: dismiss and notify, webauthn:extension:credBlob: true, webauthn:extension:largeBlob: true, webauthn:extension:minPinLength: true, webauthn:extension:prf: true, webauthn:virtualAuthenticators: true}
Session ID: 17168583d8f25bebb8e2f6539adc7bec
at org.openqa.selenium.support.ui.WebDriverWait.timeoutException(WebDriverWait.java:84)
at org.openqa.selenium.support.ui.FluentWait.until(FluentWait.java:228)
at Pages.MethodActions.waitEle(MethodActions.java:35)
at Pages.FormTemplate.Template(FormTemplate.java:49)
at Pages.FormTemplate.Common(FormTemplate.java:71)
at TestCase.FormTemplate_Testcases_Node2.start(FormTemplate_Testcases_Node2.java:71)
at java.base/java.util.ArrayList.forEach(ArrayList.java:1596)
at java.base/java.util.concurrent.FutureTask.run(FutureTask.java:317)
at java.base/java.util.concurrent.ThreadPoolExecutor.runWorker(ThreadPoolExecutor.java:1144)
at java.base/java.util.concurrent.ThreadPoolExecutor$Worker.run(ThreadPoolExecutor.java:642)
at java.base/java.lang.Thread.run(Thread.java:1583)
... Removed 20 stack frames]]>
    </failure>
  </testcase> <!-- @BeforeMethod start -->
  <testcase classname="TestCase.FormTemplate_Testcases_Node2" name="@BeforeMethod start" time="-1.715233856333E9">
    <skipped/>
  </testcase> <!-- @BeforeMethod start -->
  <testcase classname="TestCase.FormTemplate_Testcases_Node2" name="@BeforeMethod start" time="-1.715233856337E9">
    <skipped/>
  </testcase> <!-- @BeforeMethod start -->
  <testcase classname="TestCase.FormTemplate_Testcases_Node2" name="@BeforeMethod start" time="-1.71523385634E9">
    <skipped/>
  </testcase> <!-- @BeforeMethod start -->
  <testcase classname="TestCase.FormTemplate_Testcases_Node2" name="@BeforeMethod start" time="-1.715233856343E9">
    <skipped/>
  </testcase> <!-- @BeforeMethod start -->
  <testcase classname="TestCase.FormTemplate_Testcases_Node2" name="@BeforeMethod start" time="-1.715233856345E9">
    <skipped/>
  </testcase> <!-- @BeforeMethod start -->
  <testcase classname="TestCase.FormTemplate_Testcases_Node2" name="@BeforeMethod start" time="-1.715233856347E9">
    <skipped/>
  </testcase> <!-- @BeforeMethod start -->
  <testcase classname="TestCase.FormTemplate_Testcases_Node2" name="@BeforeMethod start" time="-1.715233856351E9">
    <skipped/>
  </testcase> <!-- @BeforeMethod start -->
  <testcase classname="TestCase.FormTemplate_Testcases_Node2" name="@BeforeMethod start" time="-1.715233856353E9">
    <skipped/>
  </testcase> <!-- @BeforeMethod start -->
  <testcase classname="TestCase.FormTemplate_Testcases_Node2" name="@BeforeMethod start" time="-1.715233856356E9">
    <skipped/>
  </testcase> <!-- @BeforeMethod start -->
  <testcase classname="TestCase.FormTemplate_Testcases_Node2" name="@BeforeMethod start" time="-1.715233856359E9">
    <skipped/>
  </testcase> <!-- @BeforeMethod start -->
  <testcase classname="TestCase.FormTemplate_Testcases_Node2" name="@BeforeMethod start" time="-1.715233856363E9">
    <skipped/>
  </testcase> <!-- @BeforeMethod start -->
  <testcase classname="TestCase.FormTemplate_Testcases_Node2" name="@BeforeMethod start" time="-1.715233856366E9">
    <skipped/>
  </testcase> <!-- @BeforeMethod start -->
  <testcase classname="TestCase.FormTemplate_Testcases_Node2" name="@BeforeMethod start" time="-1.71523385637E9">
    <skipped/>
  </testcase> <!-- @BeforeMethod start -->
  <testcase classname="TestCase.FormTemplate_Testcases_Node2" name="@BeforeMethod start" time="-1.715233856372E9">
    <skipped/>
  </testcase> <!-- @BeforeMethod start -->
  <testcase classname="TestCase.FormTemplate_Testcases_Node2" name="@BeforeMethod start" time="-1.715233856375E9">
    <skipped/>
  </testcase> <!-- @BeforeMethod start -->
  <testcase classname="TestCase.FormTemplate_Testcases_Node2" name="BasicFieldsYesORNo" time="0.0">
    <skipped/>
  </testcase> <!-- BasicFieldsYesORNo -->
  <testcase classname="TestCase.FormTemplate_Testcases_Node2" name="BasicFieldsCheckbox" time="0.0">
    <skipped/>
  </testcase> <!-- BasicFieldsCheckbox -->
  <testcase classname="TestCase.FormTemplate_Testcases_Node2" name="BasicFieldsCheckBoxGroup" time="0.0">
    <skipped/>
  </testcase> <!-- BasicFieldsCheckBoxGroup -->
  <testcase classname="TestCase.FormTemplate_Testcases_Node2" name="BasicFieldsDocument" time="0.0">
    <skipped/>
  </testcase> <!-- BasicFieldsDocument -->
  <testcase classname="TestCase.FormTemplate_Testcases_Node2" name="BasicFieldsRadio" time="0.0">
    <skipped/>
  </testcase> <!-- BasicFieldsRadio -->
  <testcase classname="TestCase.FormTemplate_Testcases_Node2" name="BasicFieldsRadioGroup" time="0.0">
    <skipped/>
  </testcase> <!-- BasicFieldsRadioGroup -->
  <testcase classname="TestCase.FormTemplate_Testcases_Node2" name="BasicFieldsPhone" time="0.0">
    <skipped/>
  </testcase> <!-- BasicFieldsPhone -->
  <testcase classname="TestCase.FormTemplate_Testcases_Node2" name="BasicFieldsSignature" time="0.0">
    <skipped/>
  </testcase> <!-- BasicFieldsSignature -->
  <testcase classname="TestCase.FormTemplate_Testcases_Node2" name="BasicFieldsCaptcha" time="0.0">
    <skipped/>
  </testcase> <!-- BasicFieldsCaptcha -->
  <testcase classname="TestCase.FormTemplate_Testcases_Node2" name="ContentHeading" time="0.0">
    <skipped/>
  </testcase> <!-- ContentHeading -->
  <testcase classname="TestCase.FormTemplate_Testcases_Node2" name="ContentHTML" time="0.0">
    <skipped/>
  </testcase> <!-- ContentHTML -->
  <testcase classname="TestCase.FormTemplate_Testcases_Node2" name="ContentParagraph" time="0.0">
    <skipped/>
  </testcase> <!-- ContentParagraph -->
  <testcase classname="TestCase.FormTemplate_Testcases_Node2" name="ContentSingleLineContent" time="0.0">
    <skipped/>
  </testcase> <!-- ContentSingleLineContent -->
  <testcase classname="TestCase.FormTemplate_Testcases_Node2" name="ContentImage" time="0.0">
    <skipped/>
  </testcase> <!-- ContentImage -->
  <testcase classname="TestCase.FormTemplate_Testcases_Node2" name="ContentVideo" time="0.0">
    <skipped/>
  </testcase> <!-- ContentVideo -->
  <testcase classname="TestCase.FormTemplate_Testcases_Node2" name="ContentActionButton" time="0.0">
    <skipped/>
  </testcase> <!-- ContentActionButton -->
</testsuite> <!-- Node2Tests -->
