<?xml version="1.0" encoding="UTF-8"?>
<!-- Generated by org.testng.reporters.JUnitXMLReporter -->
<testsuite ignored="2" hostname="HGT-LAP-310" failures="0" tests="12" name="Node1Tests" time="4.882" errors="0" timestamp="2024-05-09T16:33:05 IST">
  <testcase classname="TestBase.testCaseBase" name="@BeforeMethod setup" time="4.576">
    <failure type="org.openqa.selenium.json.JsonException" message="Unable to parse: ">
      <![CDATA[org.openqa.selenium.json.JsonException: Unable to parse: 
at org.openqa.selenium.json.Json.toType(Json.java:169)
at org.openqa.selenium.json.Json.toType(Json.java:152)
at org.openqa.selenium.devtools.CdpEndpointFinder.getCdpEndPoint(CdpEndpointFinder.java:67)
at org.openqa.selenium.firefox.FirefoxDriver.lambda$new$1(FirefoxDriver.java:172)
at java.base/java.util.Optional.flatMap(Optional.java:289)
at org.openqa.selenium.firefox.FirefoxDriver.<init>(FirefoxDriver.java:172)
at org.openqa.selenium.firefox.FirefoxDriver.<init>(FirefoxDriver.java:150)
at org.openqa.selenium.firefox.FirefoxDriver.<init>(FirefoxDriver.java:132)
at org.openqa.selenium.firefox.FirefoxDriver.<init>(FirefoxDriver.java:127)
at org.openqa.selenium.firefox.FirefoxDriver.<init>(FirefoxDriver.java:112)
at org.openqa.selenium.firefox.FirefoxDriver.<init>(FirefoxDriver.java:102)
at TestBase.testCaseBase.setup(testCaseBase.java:35)
at java.base/java.util.ArrayList.forEach(ArrayList.java:1596)
at java.base/java.util.concurrent.FutureTask.run(FutureTask.java:317)
at java.base/java.util.concurrent.ThreadPoolExecutor.runWorker(ThreadPoolExecutor.java:1144)
at java.base/java.util.concurrent.ThreadPoolExecutor$Worker.run(ThreadPoolExecutor.java:642)
at java.base/java.lang.Thread.run(Thread.java:1583)
Caused by: org.openqa.selenium.json.JsonException: Expected to read a START_MAP but instead have: END. Last 0 characters read: 
Build info: version: '4.20.0', revision: '866c76ca80'
System info: os.name: 'Windows 11', os.arch: 'amd64', os.version: '10.0', java.version: '21.0.1'
Driver info: driver.version: FirefoxDriver
at org.openqa.selenium.json.JsonInput.expect(JsonInput.java:467)
at org.openqa.selenium.json.JsonInput.beginObject(JsonInput.java:333)
at org.openqa.selenium.json.MapCoercer.lambda$apply$1(MapCoercer.java:64)
at org.openqa.selenium.json.JsonTypeCoercer.lambda$buildCoercer$6(JsonTypeCoercer.java:171)
at org.openqa.selenium.json.JsonTypeCoercer.coerce(JsonTypeCoercer.java:146)
at org.openqa.selenium.json.Json.toType(Json.java:206)
at org.openqa.selenium.json.Json.toType(Json.java:167)
... 36 more
... Removed 20 stack frames]]>
    </failure>
  </testcase> <!-- @BeforeMethod setup -->
  <testcase classname="TestCase.FormTemplate_Testcases_Node1" name="@BeforeMethod Start" time="-1.715252585327E9">
    <skipped/>
  </testcase> <!-- @BeforeMethod Start -->
  <testcase classname="TestBase.testCaseBase" name="@AfterMethod tearDown" time="-1.715252585341E9">
    <skipped/>
  </testcase> <!-- @AfterMethod tearDown -->
  <testcase classname="TestBase.testCaseBase" name="@BeforeMethod setup" time="-1.715252585346E9">
    <skipped/>
  </testcase> <!-- @BeforeMethod setup -->
  <testcase classname="TestCase.FormTemplate_Testcases_Node1" name="@BeforeMethod Start" time="-1.715252585348E9">
    <skipped/>
  </testcase> <!-- @BeforeMethod Start -->
  <testcase classname="TestBase.testCaseBase" name="@AfterMethod tearDown" time="-1.715252585351E9">
    <skipped/>
  </testcase> <!-- @AfterMethod tearDown -->
  <testcase classname="TestBase.testCaseBase" name="@BeforeMethod setup" time="-1.715252585354E9">
    <skipped/>
  </testcase> <!-- @BeforeMethod setup -->
  <testcase classname="TestCase.FormTemplate_Testcases_Node1" name="@BeforeMethod Start" time="-1.715252585355E9">
    <skipped/>
  </testcase> <!-- @BeforeMethod Start -->
  <testcase classname="TestBase.testCaseBase" name="@AfterMethod tearDown" time="-1.71525258536E9">
    <skipped/>
  </testcase> <!-- @AfterMethod tearDown -->
  <testcase classname="TestBase.testCaseBase" name="@BeforeMethod setup" time="-1.715252585363E9">
    <skipped/>
  </testcase> <!-- @BeforeMethod setup -->
  <testcase classname="TestCase.FormTemplate_Testcases_Node1" name="@BeforeMethod Start" time="-1.715252585364E9">
    <skipped/>
  </testcase> <!-- @BeforeMethod Start -->
  <testcase classname="TestBase.testCaseBase" name="@AfterMethod tearDown" time="-1.715252585366E9">
    <skipped/>
  </testcase> <!-- @AfterMethod tearDown -->
  <testcase classname="TestBase.testCaseBase" name="@BeforeMethod setup" time="-1.715252585368E9">
    <skipped/>
  </testcase> <!-- @BeforeMethod setup -->
  <testcase classname="TestCase.FormTemplate_Testcases_Node1" name="@BeforeMethod Start" time="-1.715252585369E9">
    <skipped/>
  </testcase> <!-- @BeforeMethod Start -->
  <testcase classname="TestBase.testCaseBase" name="@AfterMethod tearDown" time="-1.715252585377E9">
    <skipped/>
  </testcase> <!-- @AfterMethod tearDown -->
  <testcase classname="TestBase.testCaseBase" name="@BeforeMethod setup" time="-1.715252585378E9">
    <skipped/>
  </testcase> <!-- @BeforeMethod setup -->
  <testcase classname="TestCase.FormTemplate_Testcases_Node1" name="@BeforeMethod Start" time="-1.715252585378E9">
    <skipped/>
  </testcase> <!-- @BeforeMethod Start -->
  <testcase classname="TestBase.testCaseBase" name="@AfterMethod tearDown" time="-1.71525258538E9">
    <skipped/>
  </testcase> <!-- @AfterMethod tearDown -->
  <testcase classname="TestBase.testCaseBase" name="@BeforeMethod setup" time="-1.715252585381E9">
    <skipped/>
  </testcase> <!-- @BeforeMethod setup -->
  <testcase classname="TestCase.FormTemplate_Testcases_Node1" name="@BeforeMethod Start" time="-1.715252585382E9">
    <skipped/>
  </testcase> <!-- @BeforeMethod Start -->
  <testcase classname="TestBase.testCaseBase" name="@AfterMethod tearDown" time="-1.715252585384E9">
    <skipped/>
  </testcase> <!-- @AfterMethod tearDown -->
  <testcase classname="TestBase.testCaseBase" name="@BeforeMethod setup" time="-1.715252585385E9">
    <skipped/>
  </testcase> <!-- @BeforeMethod setup -->
  <testcase classname="TestCase.FormTemplate_Testcases_Node1" name="@BeforeMethod Start" time="-1.715252585386E9">
    <skipped/>
  </testcase> <!-- @BeforeMethod Start -->
  <testcase classname="TestBase.testCaseBase" name="@AfterMethod tearDown" time="-1.715252585388E9">
    <skipped/>
  </testcase> <!-- @AfterMethod tearDown -->
  <testcase classname="TestBase.testCaseBase" name="@BeforeMethod setup" time="-1.715252585389E9">
    <skipped/>
  </testcase> <!-- @BeforeMethod setup -->
  <testcase classname="TestCase.FormTemplate_Testcases_Node1" name="@BeforeMethod Start" time="-1.71525258539E9">
    <skipped/>
  </testcase> <!-- @BeforeMethod Start -->
  <testcase classname="TestBase.testCaseBase" name="@AfterMethod tearDown" time="-1.715252585395E9">
    <skipped/>
  </testcase> <!-- @AfterMethod tearDown -->
  <testcase classname="TestBase.testCaseBase" name="@BeforeMethod setup" time="-1.715252585396E9">
    <skipped/>
  </testcase> <!-- @BeforeMethod setup -->
  <testcase classname="TestCase.FormTemplate_Testcases_Node1" name="@BeforeMethod Start" time="-1.715252585397E9">
    <skipped/>
  </testcase> <!-- @BeforeMethod Start -->
  <testcase classname="TestBase.testCaseBase" name="@AfterMethod tearDown" time="-1.715252585401E9">
    <skipped/>
  </testcase> <!-- @AfterMethod tearDown -->
  <testcase classname="TestBase.testCaseBase" name="@BeforeMethod setup" time="-1.715252585403E9">
    <skipped/>
  </testcase> <!-- @BeforeMethod setup -->
  <testcase classname="TestCase.FormTemplate_Testcases_Node1" name="@BeforeMethod Start" time="-1.715252585404E9">
    <skipped/>
  </testcase> <!-- @BeforeMethod Start -->
  <testcase classname="TestBase.testCaseBase" name="@AfterMethod tearDown" time="-1.715252585407E9">
    <skipped/>
  </testcase> <!-- @AfterMethod tearDown -->
  <testcase classname="TestBase.testCaseBase" name="@BeforeMethod setup" time="-1.715252585409E9">
    <skipped/>
  </testcase> <!-- @BeforeMethod setup -->
  <testcase classname="TestCase.FormTemplate_Testcases_Node1" name="@BeforeMethod Start" time="-1.715252585409E9">
    <skipped/>
  </testcase> <!-- @BeforeMethod Start -->
  <testcase classname="TestBase.testCaseBase" name="@AfterMethod tearDown" time="-1.715252585413E9">
    <skipped/>
  </testcase> <!-- @AfterMethod tearDown -->
  <testcase classname="TestCase.FormTemplate_Testcases_Node1" name="BasicFieldsSingleline" time="0.0">
    <skipped/>
  </testcase> <!-- BasicFieldsSingleline -->
  <testcase classname="TestCase.FormTemplate_Testcases_Node1" name="BasicFieldsMultiline" time="0.0">
    <skipped/>
  </testcase> <!-- BasicFieldsMultiline -->
  <testcase classname="TestCase.FormTemplate_Testcases_Node1" name="BasicFieldsSelect" time="0.0">
    <skipped/>
  </testcase> <!-- BasicFieldsSelect -->
  <testcase classname="TestCase.FormTemplate_Testcases_Node1" name="BasicFieldsNumber" time="0.0">
    <skipped/>
  </testcase> <!-- BasicFieldsNumber -->
  <testcase classname="TestCase.FormTemplate_Testcases_Node1" name="BasicFieldsMultipleSelect" time="0.0">
    <skipped/>
  </testcase> <!-- BasicFieldsMultipleSelect -->
  <testcase classname="TestCase.FormTemplate_Testcases_Node1" name="BasicFieldsList" time="0.0">
    <skipped/>
  </testcase> <!-- BasicFieldsList -->
  <testcase classname="TestCase.FormTemplate_Testcases_Node1" name="BasicFieldsDate" time="0.0">
    <skipped/>
  </testcase> <!-- BasicFieldsDate -->
  <testcase classname="TestCase.FormTemplate_Testcases_Node1" name="BasicFieldsTime" time="0.0">
    <skipped/>
  </testcase> <!-- BasicFieldsTime -->
  <testcase classname="TestCase.FormTemplate_Testcases_Node1" name="BasicFieldsFixedTime" time="0.0">
    <skipped/>
  </testcase> <!-- BasicFieldsFixedTime -->
  <testcase classname="TestCase.FormTemplate_Testcases_Node1" name="BasicFieldsTimerange" time="0.0">
    <skipped/>
  </testcase> <!-- BasicFieldsTimerange -->
  <testcase classname="TestCase.FormTemplate_Testcases_Node1" name="BasicFieldsDateTime" time="0.0">
    <skipped/>
  </testcase> <!-- BasicFieldsDateTime -->
  <testcase classname="TestCase.FormTemplate_Testcases_Node1" name="BasicFieldsWeekDays" time="0.0">
    <skipped/>
  </testcase> <!-- BasicFieldsWeekDays -->
  <testcase classname="TestCase.FormTemplate_Testcases_Node1" name="BasicFieldsDateRange" time="0.0">
    <ignored/>
  </testcase> <!-- BasicFieldsDateRange -->
  <testcase classname="TestCase.FormTemplate_Testcases_Node1" name="BasicFieldsDateTimeRange" time="0.0">
    <ignored/>
  </testcase> <!-- BasicFieldsDateTimeRange -->
</testsuite> <!-- Node1Tests -->
