<?xml version="1.0" encoding="UTF-8"?>
<!-- Generated by org.testng.reporters.JUnitXMLReporter -->
<testsuite ignored="0" hostname="HGT-LAP-310" failures="0" tests="17" name="Test" time="4.057" errors="0" timestamp="2024-09-03T15:56:41 IST">
  <testcase classname="TestCase.globalVariableTestcase_meghana" name="@BeforeMethod Start" time="3.844">
    <failure type="org.openqa.selenium.NoSuchElementException" message="no such element: Unable to locate element: {&amp;quot;method&amp;quot;:&amp;quot;xpath&amp;quot;,&amp;quot;selector&amp;quot;:&amp;quot;//input[@placeholder=&amp;apos;Ex: johnwesley@abc.com&amp;apos;]&amp;quot;}
  (Session info: chrome=128.0.6613.114)
For documentation on this error, please visit: https://www.selenium.dev/documentation/webdriver/troubleshooting/errors#no-such-element-exception
Build info: version: &amp;apos;4.23.0&amp;apos;, revision: &amp;apos;4df0a231af&amp;apos;
System info: os.name: &amp;apos;Windows 11&amp;apos;, os.arch: &amp;apos;amd64&amp;apos;, os.version: &amp;apos;10.0&amp;apos;, java.version: &amp;apos;21.0.1&amp;apos;
Driver info: org.openqa.selenium.chrome.ChromeDriver
Command: [b6e1d4ce0f39c4bad56e7cebd7f18f8f, findElement {value=//input[@placeholder=&amp;apos;Ex: johnwesley@abc.com&amp;apos;], using=xpath}]
Capabilities {acceptInsecureCerts: false, browserName: chrome, browserVersion: 128.0.6613.114, chrome: {chromedriverVersion: 128.0.6613.119 (6e439cfca4d..., userDataDir: C:\Users\PRUDHV~1.BUD\AppDa...}, fedcm:accounts: true, goog:chromeOptions: {debuggerAddress: localhost:9222}, networkConnectionEnabled: false, pageLoadStrategy: normal, platformName: windows, proxy: Proxy(), se:cdp: ws://localhost:9222/devtool..., se:cdpVersion: 128.0.6613.114, setWindowRect: true, strictFileInteractability: false, timeouts: {implicit: 0, pageLoad: 300000, script: 30000}, unhandledPromptBehavior: dismiss and notify, webauthn:extension:credBlob: true, webauthn:extension:largeBlob: true, webauthn:extension:minPinLength: true, webauthn:extension:prf: true, webauthn:virtualAuthenticators: true}
Session ID: b6e1d4ce0f39c4bad56e7cebd7f18f8f">
      <![CDATA[org.openqa.selenium.NoSuchElementException: no such element: Unable to locate element: {"method":"xpath","selector":"//input[@placeholder='Ex: johnwesley@abc.com']"}
  (Session info: chrome=128.0.6613.114)
For documentation on this error, please visit: https://www.selenium.dev/documentation/webdriver/troubleshooting/errors#no-such-element-exception
Build info: version: '4.23.0', revision: '4df0a231af'
System info: os.name: 'Windows 11', os.arch: 'amd64', os.version: '10.0', java.version: '21.0.1'
Driver info: org.openqa.selenium.chrome.ChromeDriver
Command: [b6e1d4ce0f39c4bad56e7cebd7f18f8f, findElement {value=//input[@placeholder='Ex: johnwesley@abc.com'], using=xpath}]
Capabilities {acceptInsecureCerts: false, browserName: chrome, browserVersion: 128.0.6613.114, chrome: {chromedriverVersion: 128.0.6613.119 (6e439cfca4d..., userDataDir: C:\Users\PRUDHV~1.BUD\AppDa...}, fedcm:accounts: true, goog:chromeOptions: {debuggerAddress: localhost:9222}, networkConnectionEnabled: false, pageLoadStrategy: normal, platformName: windows, proxy: Proxy(), se:cdp: ws://localhost:9222/devtool..., se:cdpVersion: 128.0.6613.114, setWindowRect: true, strictFileInteractability: false, timeouts: {implicit: 0, pageLoad: 300000, script: 30000}, unhandledPromptBehavior: dismiss and notify, webauthn:extension:credBlob: true, webauthn:extension:largeBlob: true, webauthn:extension:minPinLength: true, webauthn:extension:prf: true, webauthn:virtualAuthenticators: true}
Session ID: b6e1d4ce0f39c4bad56e7cebd7f18f8f
at org.openqa.selenium.remote.ErrorCodec.decode(ErrorCodec.java:167)
at org.openqa.selenium.remote.codec.w3c.W3CHttpResponseCodec.decode(W3CHttpResponseCodec.java:138)
at org.openqa.selenium.remote.codec.w3c.W3CHttpResponseCodec.decode(W3CHttpResponseCodec.java:50)
at org.openqa.selenium.remote.HttpCommandExecutor.execute(HttpCommandExecutor.java:190)
at org.openqa.selenium.remote.service.DriverCommandExecutor.invokeExecute(DriverCommandExecutor.java:216)
at org.openqa.selenium.remote.service.DriverCommandExecutor.execute(DriverCommandExecutor.java:174)
at org.openqa.selenium.remote.RemoteWebDriver.execute(RemoteWebDriver.java:527)
at org.openqa.selenium.remote.ElementLocation$ElementFinder$2.findElement(ElementLocation.java:165)
at org.openqa.selenium.remote.ElementLocation.findElement(ElementLocation.java:59)
at org.openqa.selenium.remote.RemoteWebDriver.findElement(RemoteWebDriver.java:357)
at org.openqa.selenium.remote.RemoteWebDriver.findElement(RemoteWebDriver.java:351)
at Pages.Login.SigninNSUI(Login.java:161)
at TestCase.globalVariableTestcase_meghana.Start(globalVariableTestcase_meghana.java:38)
at java.base/java.util.ArrayList.forEach(ArrayList.java:1596)
... Removed 32 stack frames]]>
    </failure>
  </testcase> <!-- @BeforeMethod Start -->
  <testcase classname="TestCase.globalVariableTestcase_meghana" name="@BeforeMethod Start" time="-1.72535920163E9">
    <skipped/>
  </testcase> <!-- @BeforeMethod Start -->
  <testcase classname="TestCase.globalVariableTestcase_meghana" name="@BeforeMethod Start" time="-1.725359201644E9">
    <skipped/>
  </testcase> <!-- @BeforeMethod Start -->
  <testcase classname="TestCase.globalVariableTestcase_meghana" name="@BeforeMethod Start" time="-1.725359201661E9">
    <skipped/>
  </testcase> <!-- @BeforeMethod Start -->
  <testcase classname="TestCase.globalVariableTestcase_meghana" name="@BeforeMethod Start" time="-1.72535920167E9">
    <skipped/>
  </testcase> <!-- @BeforeMethod Start -->
  <testcase classname="TestCase.globalVariableTestcase_meghana" name="@BeforeMethod Start" time="-1.725359201694E9">
    <skipped/>
  </testcase> <!-- @BeforeMethod Start -->
  <testcase classname="TestCase.globalVariableTestcase_meghana" name="@BeforeMethod Start" time="-1.725359201703E9">
    <skipped/>
  </testcase> <!-- @BeforeMethod Start -->
  <testcase classname="TestCase.globalVariableTestcase_meghana" name="@BeforeMethod Start" time="-1.725359201709E9">
    <skipped/>
  </testcase> <!-- @BeforeMethod Start -->
  <testcase classname="TestCase.globalVariableTestcase_meghana" name="@BeforeMethod Start" time="-1.725359201718E9">
    <skipped/>
  </testcase> <!-- @BeforeMethod Start -->
  <testcase classname="TestCase.globalVariableTestcase_meghana" name="@BeforeMethod Start" time="-1.725359201732E9">
    <skipped/>
  </testcase> <!-- @BeforeMethod Start -->
  <testcase classname="TestCase.globalVariableTestcase_meghana" name="@BeforeMethod Start" time="-1.725359201745E9">
    <skipped/>
  </testcase> <!-- @BeforeMethod Start -->
  <testcase classname="TestCase.globalVariableTestcase_meghana" name="@BeforeMethod Start" time="-1.725359201753E9">
    <skipped/>
  </testcase> <!-- @BeforeMethod Start -->
  <testcase classname="TestCase.globalVariableTestcase_meghana" name="@BeforeMethod Start" time="-1.72535920176E9">
    <skipped/>
  </testcase> <!-- @BeforeMethod Start -->
  <testcase classname="TestCase.globalVariableTestcase_meghana" name="@BeforeMethod Start" time="-1.725359201769E9">
    <skipped/>
  </testcase> <!-- @BeforeMethod Start -->
  <testcase classname="TestCase.globalVariableTestcase_meghana" name="@BeforeMethod Start" time="-1.725359201776E9">
    <skipped/>
  </testcase> <!-- @BeforeMethod Start -->
  <testcase classname="TestCase.globalVariableTestcase_meghana" name="@BeforeMethod Start" time="-1.725359201781E9">
    <skipped/>
  </testcase> <!-- @BeforeMethod Start -->
  <testcase classname="TestCase.globalVariableTestcase_meghana" name="@BeforeMethod Start" time="-1.725359201788E9">
    <skipped/>
  </testcase> <!-- @BeforeMethod Start -->
  <testcase classname="TestCase.globalVariableTestcase_meghana" name="ClickNewVariable" time="0.0">
    <skipped/>
  </testcase> <!-- ClickNewVariable -->
  <testcase classname="TestCase.globalVariableTestcase_meghana" name="Date" time="0.0">
    <skipped/>
  </testcase> <!-- Date -->
  <testcase classname="TestCase.globalVariableTestcase_meghana" name="Number" time="0.0">
    <skipped/>
  </testcase> <!-- Number -->
  <testcase classname="TestCase.globalVariableTestcase_meghana" name="Weekdays" time="0.0">
    <skipped/>
  </testcase> <!-- Weekdays -->
  <testcase classname="TestCase.globalVariableTestcase_meghana" name="aa" time="0.0">
    <skipped/>
  </testcase> <!-- aa -->
  <testcase classname="TestCase.globalVariableTestcase_meghana" name="addToEntity" time="0.0">
    <skipped/>
  </testcase> <!-- addToEntity -->
  <testcase classname="TestCase.globalVariableTestcase_meghana" name="clickGlobalVariableButton" time="0.0">
    <skipped/>
  </testcase> <!-- clickGlobalVariableButton -->
  <testcase classname="TestCase.globalVariableTestcase_meghana" name="dateRange" time="0.0">
    <skipped/>
  </testcase> <!-- dateRange -->
  <testcase classname="TestCase.globalVariableTestcase_meghana" name="dateTime" time="0.0">
    <skipped/>
  </testcase> <!-- dateTime -->
  <testcase classname="TestCase.globalVariableTestcase_meghana" name="dateTimeRange" time="0.0">
    <skipped/>
  </testcase> <!-- dateTimeRange -->
  <testcase classname="TestCase.globalVariableTestcase_meghana" name="fixedTime" time="0.0">
    <skipped/>
  </testcase> <!-- fixedTime -->
  <testcase classname="TestCase.globalVariableTestcase_meghana" name="multiLineText" time="0.0">
    <skipped/>
  </testcase> <!-- multiLineText -->
  <testcase classname="TestCase.globalVariableTestcase_meghana" name="multiSelect" time="0.0">
    <skipped/>
  </testcase> <!-- multiSelect -->
  <testcase classname="TestCase.globalVariableTestcase_meghana" name="select" time="0.0">
    <skipped/>
  </testcase> <!-- select -->
  <testcase classname="TestCase.globalVariableTestcase_meghana" name="singleLineText" time="0.0">
    <skipped/>
  </testcase> <!-- singleLineText -->
  <testcase classname="TestCase.globalVariableTestcase_meghana" name="time" time="0.0">
    <skipped/>
  </testcase> <!-- time -->
  <testcase classname="TestCase.globalVariableTestcase_meghana" name="timeRange" time="0.0">
    <skipped/>
  </testcase> <!-- timeRange -->
</testsuite> <!-- Test -->
