<?xml version="1.0" encoding="UTF-8"?>
<!-- Generated by org.testng.reporters.JUnitXMLReporter -->
<testsuite ignored="0" hostname="HGT-LAP-310" failures="0" tests="2" name="Command line test" time="1.07" errors="0" timestamp="2024-06-21T16:40:47 IST">
  <testcase classname="TestCase.LoginPageTest" name="@BeforeMethod Start" time="0.72">
    <failure type="org.openqa.selenium.remote.NoSuchDriverException" message="Unable to obtain: chromedriver, error chrome must exist: C:\usr\bin\sgoogle-chrome-stable
For documentation on this error, please visit: https://www.selenium.dev/documentation/webdriver/troubleshooting/errors/driver_location/
Build info: version: &amp;apos;4.21.0&amp;apos;, revision: &amp;apos;79ed462ef4&amp;apos;
System info: os.name: &amp;apos;Windows 11&amp;apos;, os.arch: &amp;apos;amd64&amp;apos;, os.version: &amp;apos;10.0&amp;apos;, java.version: &amp;apos;21.0.1&amp;apos;
Driver info: driver.version: ChromeDriver">
      <![CDATA[org.openqa.selenium.remote.NoSuchDriverException: Unable to obtain: chromedriver, error chrome must exist: C:\usr\bin\sgoogle-chrome-stable
For documentation on this error, please visit: https://www.selenium.dev/documentation/webdriver/troubleshooting/errors/driver_location/
Build info: version: '4.21.0', revision: '79ed462ef4'
System info: os.name: 'Windows 11', os.arch: 'amd64', os.version: '10.0', java.version: '21.0.1'
Driver info: driver.version: ChromeDriver
at org.openqa.selenium.remote.service.DriverFinder.getBinaryPaths(DriverFinder.java:121)
at org.openqa.selenium.remote.service.DriverFinder.getDriverPath(DriverFinder.java:55)
at org.openqa.selenium.chrome.ChromeDriver.generateExecutor(ChromeDriver.java:99)
at org.openqa.selenium.chrome.ChromeDriver.<init>(ChromeDriver.java:88)
at org.openqa.selenium.chrome.ChromeDriver.<init>(ChromeDriver.java:83)
at org.openqa.selenium.chrome.ChromeDriver.<init>(ChromeDriver.java:72)
at TestCase.LoginPageTest.setupDriver(LoginPageTest.java:44)
at TestCase.LoginPageTest.Start(LoginPageTest.java:52)
at java.base/java.util.ArrayList.forEach(ArrayList.java:1596)
at Pages.Testrunner.main(Testrunner.java:17)
Caused by: java.lang.IllegalStateException: chrome must exist: C:\usr\bin\sgoogle-chrome-stable
at org.openqa.selenium.internal.Require$FileStateChecker.isFile(Require.java:346)
at org.openqa.selenium.internal.Require$FileStateChecker.isExecutable(Require.java:368)
at org.openqa.selenium.remote.service.DriverFinder.getBinaryPaths(DriverFinder.java:104)
... 35 more
... Removed 26 stack frames]]>
    </failure>
  </testcase> <!-- @BeforeMethod Start -->
  <testcase classname="TestCase.LoginPageTest" name="@BeforeMethod Start" time="0.0">
    <skipped/>
  </testcase> <!-- @BeforeMethod Start -->
  <testcase classname="TestCase.LoginPageTest" name="Review" time="0.0">
    <skipped/>
  </testcase> <!-- Review -->
  <testcase classname="TestCase.LoginPageTest" name="Verifyscrool" time="0.0">
    <skipped/>
  </testcase> <!-- Verifyscrool -->
</testsuite> <!-- Command line test -->
