<?xml version="1.0" encoding="UTF-8"?>
<!-- Generated by org.testng.reporters.JUnitReportReporter -->
<testsuite hostname="HGT-LAP-310" failures="0" tests="15" name="TestCase.FormTemplate_Testcases_Node1" time="181.822" errors="1" timestamp="2024-07-19T12:38:22 IST" skipped="14">
  <testcase classname="TestCase.FormTemplate_Testcases_Node1" name="Start" time="181.822">
    <error message="java.util.concurrent.TimeoutException
Build info: version: &#039;4.22.0&#039;, revision: &#039;c5f3146703*&#039;
System info: os.name: &#039;Windows 11&#039;, os.arch: &#039;amd64&#039;, os.version: &#039;10.0&#039;, java.version: &#039;21.0.1&#039;
Driver info: org.openqa.selenium.chrome.ChromeDriver
Command: [8a6b9b4337efb0735b5ea3760c37eae8, get {url=https://dev.esigns.io/signin}]
Capabilities {acceptInsecureCerts: false, browserName: chrome, browserVersion: 126.0.6478.128, chrome: {chromedriverVersion: 126.0.6478.182 (5b5d8292ddf..., userDataDir: C:\Users\PRUDHV~1.BUD\AppDa...}, fedcm:accounts: true, goog:chromeOptions: {debuggerAddress: localhost:49858}, networkConnectionEnabled: false, pageLoadStrategy: normal, platformName: windows, proxy: Proxy(), se:cdp: ws://localhost:49858/devtoo..., se:cdpVersion: 126.0.6478.128, setWindowRect: true, strictFileInteractability: false, timeouts: {implicit: 0, pageLoad: 300000, script: 30000}, unhandledPromptBehavior: dismiss and notify, webauthn:extension:credBlob: true, webauthn:extension:largeBlob: true, webauthn:extension:minPinLength: true, webauthn:extension:prf: true, webauthn:virtualAuthenticators: true}
Session ID: 8a6b9b4337efb0735b5ea3760c37eae8" type="org.openqa.selenium.TimeoutException">
      <![CDATA[org.openqa.selenium.TimeoutException: java.util.concurrent.TimeoutException
Build info: version: '4.22.0', revision: 'c5f3146703*'
System info: os.name: 'Windows 11', os.arch: 'amd64', os.version: '10.0', java.version: '21.0.1'
Driver info: org.openqa.selenium.chrome.ChromeDriver
Command: [8a6b9b4337efb0735b5ea3760c37eae8, get {url=https://dev.esigns.io/signin}]
Capabilities {acceptInsecureCerts: false, browserName: chrome, browserVersion: 126.0.6478.128, chrome: {chromedriverVersion: 126.0.6478.182 (5b5d8292ddf..., userDataDir: C:\Users\PRUDHV~1.BUD\AppDa...}, fedcm:accounts: true, goog:chromeOptions: {debuggerAddress: localhost:49858}, networkConnectionEnabled: false, pageLoadStrategy: normal, platformName: windows, proxy: Proxy(), se:cdp: ws://localhost:49858/devtoo..., se:cdpVersion: 126.0.6478.128, setWindowRect: true, strictFileInteractability: false, timeouts: {implicit: 0, pageLoad: 300000, script: 30000}, unhandledPromptBehavior: dismiss and notify, webauthn:extension:credBlob: true, webauthn:extension:largeBlob: true, webauthn:extension:minPinLength: true, webauthn:extension:prf: true, webauthn:virtualAuthenticators: true}
Session ID: 8a6b9b4337efb0735b5ea3760c37eae8
at org.openqa.selenium.remote.http.jdk.JdkHttpClient.execute0(JdkHttpClient.java:399)
at org.openqa.selenium.remote.http.AddSeleniumUserAgent.lambda$apply$0(AddSeleniumUserAgent.java:42)
at org.openqa.selenium.remote.http.Filter.lambda$andFinally$1(Filter.java:55)
at org.openqa.selenium.remote.http.jdk.JdkHttpClient.execute(JdkHttpClient.java:355)
at org.openqa.selenium.remote.HttpCommandExecutor.execute(HttpCommandExecutor.java:187)
at org.openqa.selenium.remote.service.DriverCommandExecutor.invokeExecute(DriverCommandExecutor.java:216)
at org.openqa.selenium.remote.service.DriverCommandExecutor.execute(DriverCommandExecutor.java:174)
at org.openqa.selenium.remote.RemoteWebDriver.execute(RemoteWebDriver.java:518)
at org.openqa.selenium.remote.RemoteWebDriver.get(RemoteWebDriver.java:300)
at TestCase.FormTemplate_Testcases_Node1.setupDriver(FormTemplate_Testcases_Node1.java:55)
at TestCase.FormTemplate_Testcases_Node1.Start(FormTemplate_Testcases_Node1.java:60)
at java.base/jdk.internal.reflect.DirectMethodHandleAccessor.invoke(DirectMethodHandleAccessor.java:103)
at java.base/java.lang.reflect.Method.invoke(Method.java:580)
at org.testng.internal.MethodInvocationHelper.invokeMethod(MethodInvocationHelper.java:133)
at org.testng.internal.MethodInvocationHelper.invokeMethodConsideringTimeout(MethodInvocationHelper.java:62)
at org.testng.internal.ConfigInvoker.invokeConfigurationMethod(ConfigInvoker.java:385)
at org.testng.internal.ConfigInvoker.invokeConfigurations(ConfigInvoker.java:321)
at org.testng.internal.TestInvoker.runConfigMethods(TestInvoker.java:700)
at org.testng.internal.TestInvoker.invokeMethod(TestInvoker.java:527)
at org.testng.internal.TestInvoker.invokeTestMethod(TestInvoker.java:173)
at org.testng.internal.MethodRunner.runInSequence(MethodRunner.java:46)
at org.testng.internal.TestInvoker$MethodInvocationAgent.invoke(TestInvoker.java:824)
at org.testng.internal.TestInvoker.invokeTestMethods(TestInvoker.java:146)
at org.testng.internal.TestMethodWorker.invokeTestMethods(TestMethodWorker.java:146)
at org.testng.internal.TestMethodWorker.run(TestMethodWorker.java:128)
at java.base/java.util.ArrayList.forEach(ArrayList.java:1596)
at org.testng.TestRunner.privateRun(TestRunner.java:794)
at org.testng.TestRunner.run(TestRunner.java:596)
at org.testng.SuiteRunner.runTest(SuiteRunner.java:377)
at org.testng.SuiteRunner.runSequentially(SuiteRunner.java:371)
at org.testng.SuiteRunner.privateRun(SuiteRunner.java:332)
at org.testng.SuiteRunner.run(SuiteRunner.java:276)
at org.testng.SuiteRunnerWorker.runSuite(SuiteRunnerWorker.java:53)
at org.testng.SuiteRunnerWorker.run(SuiteRunnerWorker.java:96)
at org.testng.TestNG.runSuitesSequentially(TestNG.java:1212)
at org.testng.TestNG.runSuitesLocally(TestNG.java:1134)
at org.testng.TestNG.runSuites(TestNG.java:1063)
at org.testng.TestNG.run(TestNG.java:1031)
at org.testng.remote.AbstractRemoteTestNG.run(AbstractRemoteTestNG.java:115)
at org.testng.remote.RemoteTestNG.initAndRun(RemoteTestNG.java:293)
at org.testng.remote.RemoteTestNG.main(RemoteTestNG.java:91)
Caused by: java.util.concurrent.TimeoutException
at java.base/java.util.concurrent.CompletableFuture.timedGet(CompletableFuture.java:1960)
at java.base/java.util.concurrent.CompletableFuture.get(CompletableFuture.java:2095)
at org.openqa.selenium.remote.http.jdk.JdkHttpClient.execute0(JdkHttpClient.java:382)
... 40 more
]]>
    </error>
  </testcase> <!-- Start -->
  <system-out/>
  <testcase classname="TestCase.FormTemplate_Testcases_Node1" name="BasicFieldsSingleline" time="0.000">
    <skipped/>
  </testcase> <!-- BasicFieldsSingleline -->
  <system-out/>
  <testcase classname="TestCase.FormTemplate_Testcases_Node1" name="BasicFieldsMultiline" time="0.000">
    <skipped/>
  </testcase> <!-- BasicFieldsMultiline -->
  <system-out/>
  <testcase classname="TestCase.FormTemplate_Testcases_Node1" name="BasicFieldsSelect" time="0.000">
    <skipped/>
  </testcase> <!-- BasicFieldsSelect -->
  <system-out/>
  <testcase classname="TestCase.FormTemplate_Testcases_Node1" name="BasicFieldsNumber" time="0.000">
    <skipped/>
  </testcase> <!-- BasicFieldsNumber -->
  <system-out/>
  <testcase classname="TestCase.FormTemplate_Testcases_Node1" name="BasicFieldsMultipleSelect" time="0.000">
    <skipped/>
  </testcase> <!-- BasicFieldsMultipleSelect -->
  <system-out/>
  <testcase classname="TestCase.FormTemplate_Testcases_Node1" name="BasicFieldsList" time="0.000">
    <skipped/>
  </testcase> <!-- BasicFieldsList -->
  <system-out/>
  <testcase classname="TestCase.FormTemplate_Testcases_Node1" name="BasicFieldsDate" time="0.000">
    <skipped/>
  </testcase> <!-- BasicFieldsDate -->
  <system-out/>
  <testcase classname="TestCase.FormTemplate_Testcases_Node1" name="BasicFieldsTime" time="0.000">
    <skipped/>
  </testcase> <!-- BasicFieldsTime -->
  <system-out/>
  <testcase classname="TestCase.FormTemplate_Testcases_Node1" name="BasicFieldsFixedTime" time="0.000">
    <skipped/>
  </testcase> <!-- BasicFieldsFixedTime -->
  <system-out/>
  <testcase classname="TestCase.FormTemplate_Testcases_Node1" name="BasicFieldsTimerange" time="0.000">
    <skipped/>
  </testcase> <!-- BasicFieldsTimerange -->
  <system-out/>
  <testcase classname="TestCase.FormTemplate_Testcases_Node1" name="BasicFieldsDateTime" time="0.000">
    <skipped/>
  </testcase> <!-- BasicFieldsDateTime -->
  <system-out/>
  <testcase classname="TestCase.FormTemplate_Testcases_Node1" name="BasicFieldsWeekDays" time="0.000">
    <skipped/>
  </testcase> <!-- BasicFieldsWeekDays -->
  <system-out/>
  <testcase classname="TestCase.FormTemplate_Testcases_Node1" name="BasicFieldsDateRange">
    <skipped/>
  </testcase> <!-- BasicFieldsDateRange -->
  <system-out/>
  <testcase classname="TestCase.FormTemplate_Testcases_Node1" name="BasicFieldsDateTimeRange">
    <skipped/>
  </testcase> <!-- BasicFieldsDateTimeRange -->
  <system-out/>
</testsuite> <!-- TestCase.FormTemplate_Testcases_Node1 -->
